2022-10-12 00:35:32.861  INFO 8 --- [qtp786722925-2438] r.h.app.handler.file.FilePathDescriptor  : FilePathDescriptor: [FilePathDescriptor(name=image-1665506132861, extension=png, relativePath=upload/2022/10/image-1665506132861.png, basePath=/root/.halo, fullName=image-1665506132861.png, fullPath=/root/.halo/upload/2022/10/image-1665506132861.png, subPath=upload/2022/10)]
2022-10-12 00:35:32.862  INFO 8 --- [qtp786722925-2438] r.h.app.handler.file.LocalFileHandler    : Uploading file: [image.png] to directory: [upload/2022/10/image-1665506132861.png]
2022-10-12 00:35:32.864  INFO 8 --- [qtp786722925-2438] r.h.app.handler.file.FilePathDescriptor  : FilePathDescriptor: [FilePathDescriptor(name=image-1665506132861-thumbnail, extension=png, relativePath=upload/2022/10/image-1665506132861-thumbnail.png, basePath=/root/.halo, fullName=image-1665506132861-thumbnail.png, fullPath=/root/.halo/upload/2022/10/image-1665506132861-thumbnail.png, subPath=upload/2022/10)]
2022-10-12 00:35:33.050  INFO 8 --- [qtp786722925-2438] r.h.app.handler.file.LocalFileHandler    : Generated thumbnail image, and wrote the thumbnail to [/root/.halo/upload/2022/10/image-1665506132861-thumbnail.png]
2022-10-12 00:35:33.050  INFO 8 --- [qtp786722925-2438] r.h.app.handler.file.LocalFileHandler    : Uploaded file: [image.png] to directory: [/root/.halo/upload/2022/10/image-1665506132861.png] successfully
2022-10-12 00:47:09.527  INFO 8 --- [qtp786722925-2437] r.h.app.handler.file.FilePathDescriptor  : FilePathDescriptor: [FilePathDescriptor(name=image-1665506829527, extension=png, relativePath=upload/2022/10/image-1665506829527.png, basePath=/root/.halo, fullName=image-1665506829527.png, fullPath=/root/.halo/upload/2022/10/image-1665506829527.png, subPath=upload/2022/10)]
2022-10-12 00:47:09.531  INFO 8 --- [qtp786722925-2437] r.h.app.handler.file.LocalFileHandler    : Uploading file: [image.png] to directory: [upload/2022/10/image-1665506829527.png]
2022-10-12 00:47:09.532  INFO 8 --- [qtp786722925-2437] r.h.app.handler.file.FilePathDescriptor  : FilePathDescriptor: [FilePathDescriptor(name=image-1665506829527-thumbnail, extension=png, relativePath=upload/2022/10/image-1665506829527-thumbnail.png, basePath=/root/.halo, fullName=image-1665506829527-thumbnail.png, fullPath=/root/.halo/upload/2022/10/image-1665506829527-thumbnail.png, subPath=upload/2022/10)]
2022-10-12 00:47:09.619  INFO 8 --- [qtp786722925-2437] r.h.app.handler.file.LocalFileHandler    : Generated thumbnail image, and wrote the thumbnail to [/root/.halo/upload/2022/10/image-1665506829527-thumbnail.png]
2022-10-12 00:47:09.619  INFO 8 --- [qtp786722925-2437] r.h.app.handler.file.LocalFileHandler    : Uploaded file: [image.png] to directory: [/root/.halo/upload/2022/10/image-1665506829527.png] successfully
2022-10-12 00:53:41.215  INFO 8 --- [qtp786722925-2409] r.h.app.handler.file.FilePathDescriptor  : FilePathDescriptor: [FilePathDescriptor(name=image-1665507221215, extension=png, relativePath=upload/2022/10/image-1665507221215.png, basePath=/root/.halo, fullName=image-1665507221215.png, fullPath=/root/.halo/upload/2022/10/image-1665507221215.png, subPath=upload/2022/10)]
2022-10-12 00:53:41.215  INFO 8 --- [qtp786722925-2409] r.h.app.handler.file.LocalFileHandler    : Uploading file: [image.png] to directory: [upload/2022/10/image-1665507221215.png]
2022-10-12 00:53:41.216  INFO 8 --- [qtp786722925-2409] r.h.app.handler.file.FilePathDescriptor  : FilePathDescriptor: [FilePathDescriptor(name=image-1665507221215-thumbnail, extension=png, relativePath=upload/2022/10/image-1665507221215-thumbnail.png, basePath=/root/.halo, fullName=image-1665507221215-thumbnail.png, fullPath=/root/.halo/upload/2022/10/image-1665507221215-thumbnail.png, subPath=upload/2022/10)]
2022-10-12 00:53:41.275  INFO 8 --- [qtp786722925-2409] r.h.app.handler.file.LocalFileHandler    : Generated thumbnail image, and wrote the thumbnail to [/root/.halo/upload/2022/10/image-1665507221215-thumbnail.png]
2022-10-12 00:53:41.275  INFO 8 --- [qtp786722925-2409] r.h.app.handler.file.LocalFileHandler    : Uploaded file: [image.png] to directory: [/root/.halo/upload/2022/10/image-1665507221215.png] successfully
2022-10-12 01:02:44.937  INFO 8 --- [qtp786722925-1926] r.h.app.handler.file.FilePathDescriptor  : FilePathDescriptor: [FilePathDescriptor(name=image-1665507764937, extension=png, relativePath=upload/2022/10/image-1665507764937.png, basePath=/root/.halo, fullName=image-1665507764937.png, fullPath=/root/.halo/upload/2022/10/image-1665507764937.png, subPath=upload/2022/10)]
2022-10-12 01:02:44.937  INFO 8 --- [qtp786722925-1926] r.h.app.handler.file.LocalFileHandler    : Uploading file: [image.png] to directory: [upload/2022/10/image-1665507764937.png]
2022-10-12 01:02:44.938  INFO 8 --- [qtp786722925-1926] r.h.app.handler.file.FilePathDescriptor  : FilePathDescriptor: [FilePathDescriptor(name=image-1665507764937-thumbnail, extension=png, relativePath=upload/2022/10/image-1665507764937-thumbnail.png, basePath=/root/.halo, fullName=image-1665507764937-thumbnail.png, fullPath=/root/.halo/upload/2022/10/image-1665507764937-thumbnail.png, subPath=upload/2022/10)]
2022-10-12 01:02:45.010  INFO 8 --- [qtp786722925-1926] r.h.app.handler.file.LocalFileHandler    : Generated thumbnail image, and wrote the thumbnail to [/root/.halo/upload/2022/10/image-1665507764937-thumbnail.png]
2022-10-12 01:02:45.010  INFO 8 --- [qtp786722925-1926] r.h.app.handler.file.LocalFileHandler    : Uploaded file: [image.png] to directory: [/root/.halo/upload/2022/10/image-1665507764937.png] successfully
2022-10-12 01:10:05.713  INFO 8 --- [qtp786722925-1928] r.h.app.handler.file.FilePathDescriptor  : FilePathDescriptor: [FilePathDescriptor(name=image-1665508205713, extension=png, relativePath=upload/2022/10/image-1665508205713.png, basePath=/root/.halo, fullName=image-1665508205713.png, fullPath=/root/.halo/upload/2022/10/image-1665508205713.png, subPath=upload/2022/10)]
2022-10-12 01:10:05.714  INFO 8 --- [qtp786722925-1928] r.h.app.handler.file.LocalFileHandler    : Uploading file: [image.png] to directory: [upload/2022/10/image-1665508205713.png]
2022-10-12 01:10:05.715  INFO 8 --- [qtp786722925-1928] r.h.app.handler.file.FilePathDescriptor  : FilePathDescriptor: [FilePathDescriptor(name=image-1665508205713-thumbnail, extension=png, relativePath=upload/2022/10/image-1665508205713-thumbnail.png, basePath=/root/.halo, fullName=image-1665508205713-thumbnail.png, fullPath=/root/.halo/upload/2022/10/image-1665508205713-thumbnail.png, subPath=upload/2022/10)]
2022-10-12 01:10:05.775  INFO 8 --- [qtp786722925-1928] r.h.app.handler.file.LocalFileHandler    : Generated thumbnail image, and wrote the thumbnail to [/root/.halo/upload/2022/10/image-1665508205713-thumbnail.png]
2022-10-12 01:10:05.775  INFO 8 --- [qtp786722925-1928] r.h.app.handler.file.LocalFileHandler    : Uploaded file: [image.png] to directory: [/root/.halo/upload/2022/10/image-1665508205713.png] successfully
2022-10-12 01:13:58.046  INFO 8 --- [qtp786722925-1926] r.h.app.handler.file.FilePathDescriptor  : FilePathDescriptor: [FilePathDescriptor(name=image-1665508438046, extension=png, relativePath=upload/2022/10/image-1665508438046.png, basePath=/root/.halo, fullName=image-1665508438046.png, fullPath=/root/.halo/upload/2022/10/image-1665508438046.png, subPath=upload/2022/10)]
2022-10-12 01:13:58.046  INFO 8 --- [qtp786722925-1926] r.h.app.handler.file.LocalFileHandler    : Uploading file: [image.png] to directory: [upload/2022/10/image-1665508438046.png]
2022-10-12 01:13:58.046  INFO 8 --- [qtp786722925-1926] r.h.app.handler.file.FilePathDescriptor  : FilePathDescriptor: [FilePathDescriptor(name=image-1665508438046-thumbnail, extension=png, relativePath=upload/2022/10/image-1665508438046-thumbnail.png, basePath=/root/.halo, fullName=image-1665508438046-thumbnail.png, fullPath=/root/.halo/upload/2022/10/image-1665508438046-thumbnail.png, subPath=upload/2022/10)]
2022-10-12 01:13:58.112  INFO 8 --- [qtp786722925-1926] r.h.app.handler.file.LocalFileHandler    : Generated thumbnail image, and wrote the thumbnail to [/root/.halo/upload/2022/10/image-1665508438046-thumbnail.png]
2022-10-12 01:13:58.112  INFO 8 --- [qtp786722925-1926] r.h.app.handler.file.LocalFileHandler    : Uploaded file: [image.png] to directory: [/root/.halo/upload/2022/10/image-1665508438046.png] successfully
2022-10-12 01:15:34.745  INFO 8 --- [qtp786722925-2436] r.h.app.handler.file.FilePathDescriptor  : FilePathDescriptor: [FilePathDescriptor(name=image-1665508534745, extension=png, relativePath=upload/2022/10/image-1665508534745.png, basePath=/root/.halo, fullName=image-1665508534745.png, fullPath=/root/.halo/upload/2022/10/image-1665508534745.png, subPath=upload/2022/10)]
2022-10-12 01:15:34.745  INFO 8 --- [qtp786722925-2436] r.h.app.handler.file.LocalFileHandler    : Uploading file: [image.png] to directory: [upload/2022/10/image-1665508534745.png]
2022-10-12 01:15:34.746  INFO 8 --- [qtp786722925-2436] r.h.app.handler.file.FilePathDescriptor  : FilePathDescriptor: [FilePathDescriptor(name=image-1665508534745-thumbnail, extension=png, relativePath=upload/2022/10/image-1665508534745-thumbnail.png, basePath=/root/.halo, fullName=image-1665508534745-thumbnail.png, fullPath=/root/.halo/upload/2022/10/image-1665508534745-thumbnail.png, subPath=upload/2022/10)]
2022-10-12 01:15:34.792  INFO 8 --- [qtp786722925-2436] r.h.app.handler.file.LocalFileHandler    : Generated thumbnail image, and wrote the thumbnail to [/root/.halo/upload/2022/10/image-1665508534745-thumbnail.png]
2022-10-12 01:15:34.793  INFO 8 --- [qtp786722925-2436] r.h.app.handler.file.LocalFileHandler    : Uploaded file: [image.png] to directory: [/root/.halo/upload/2022/10/image-1665508534745.png] successfully
2022-10-12 01:22:30.648  INFO 8 --- [qtp786722925-2408] r.h.app.handler.file.FilePathDescriptor  : FilePathDescriptor: [FilePathDescriptor(name=image-1665508950648, extension=png, relativePath=upload/2022/10/image-1665508950648.png, basePath=/root/.halo, fullName=image-1665508950648.png, fullPath=/root/.halo/upload/2022/10/image-1665508950648.png, subPath=upload/2022/10)]
2022-10-12 01:22:30.648  INFO 8 --- [qtp786722925-2408] r.h.app.handler.file.LocalFileHandler    : Uploading file: [image.png] to directory: [upload/2022/10/image-1665508950648.png]
2022-10-12 01:22:30.649  INFO 8 --- [qtp786722925-2408] r.h.app.handler.file.FilePathDescriptor  : FilePathDescriptor: [FilePathDescriptor(name=image-1665508950648-thumbnail, extension=png, relativePath=upload/2022/10/image-1665508950648-thumbnail.png, basePath=/root/.halo, fullName=image-1665508950648-thumbnail.png, fullPath=/root/.halo/upload/2022/10/image-1665508950648-thumbnail.png, subPath=upload/2022/10)]
2022-10-12 01:22:30.695  INFO 8 --- [qtp786722925-2408] r.h.app.handler.file.LocalFileHandler    : Generated thumbnail image, and wrote the thumbnail to [/root/.halo/upload/2022/10/image-1665508950648-thumbnail.png]
2022-10-12 01:22:30.695  INFO 8 --- [qtp786722925-2408] r.h.app.handler.file.LocalFileHandler    : Uploaded file: [image.png] to directory: [/root/.halo/upload/2022/10/image-1665508950648.png] successfully
2022-10-12 01:25:24.553  INFO 8 --- [qtp786722925-2436] r.h.app.handler.file.FilePathDescriptor  : FilePathDescriptor: [FilePathDescriptor(name=image-1665509124553, extension=png, relativePath=upload/2022/10/image-1665509124553.png, basePath=/root/.halo, fullName=image-1665509124553.png, fullPath=/root/.halo/upload/2022/10/image-1665509124553.png, subPath=upload/2022/10)]
2022-10-12 01:25:24.553  INFO 8 --- [qtp786722925-2436] r.h.app.handler.file.LocalFileHandler    : Uploading file: [image.png] to directory: [upload/2022/10/image-1665509124553.png]
2022-10-12 01:25:24.554  INFO 8 --- [qtp786722925-2436] r.h.app.handler.file.FilePathDescriptor  : FilePathDescriptor: [FilePathDescriptor(name=image-1665509124553-thumbnail, extension=png, relativePath=upload/2022/10/image-1665509124553-thumbnail.png, basePath=/root/.halo, fullName=image-1665509124553-thumbnail.png, fullPath=/root/.halo/upload/2022/10/image-1665509124553-thumbnail.png, subPath=upload/2022/10)]
2022-10-12 01:25:24.581  INFO 8 --- [qtp786722925-2436] r.h.app.handler.file.LocalFileHandler    : Generated thumbnail image, and wrote the thumbnail to [/root/.halo/upload/2022/10/image-1665509124553-thumbnail.png]
2022-10-12 01:25:24.581  INFO 8 --- [qtp786722925-2436] r.h.app.handler.file.LocalFileHandler    : Uploaded file: [image.png] to directory: [/root/.halo/upload/2022/10/image-1665509124553.png] successfully
2022-10-12 08:59:43.717  INFO 8 --- [pool-3-thread-8] r.h.a.service.impl.BasePostServiceImpl   : Post with id: [100] is a draft and visits will not be updated
2022-10-12 09:10:29.872  WARN 8 --- [Timer-0] run.halo.app.cache.AbstractCacheStore    : Cache key: [6c7894ac3ec6438ab282e06d91bd7428] has been expired
2022-10-12 09:15:58.318  INFO 8 --- [qtp786722925-1926] r.h.app.handler.file.FilePathDescriptor  : FilePathDescriptor: [FilePathDescriptor(name=image-1665537358318, extension=png, relativePath=upload/2022/10/image-1665537358318.png, basePath=/root/.halo, fullName=image-1665537358318.png, fullPath=/root/.halo/upload/2022/10/image-1665537358318.png, subPath=upload/2022/10)]
2022-10-12 09:15:58.318  INFO 8 --- [qtp786722925-1926] r.h.app.handler.file.LocalFileHandler    : Uploading file: [image.png] to directory: [upload/2022/10/image-1665537358318.png]
2022-10-12 09:15:58.320  INFO 8 --- [qtp786722925-1926] r.h.app.handler.file.FilePathDescriptor  : FilePathDescriptor: [FilePathDescriptor(name=image-1665537358318-thumbnail, extension=png, relativePath=upload/2022/10/image-1665537358318-thumbnail.png, basePath=/root/.halo, fullName=image-1665537358318-thumbnail.png, fullPath=/root/.halo/upload/2022/10/image-1665537358318-thumbnail.png, subPath=upload/2022/10)]
2022-10-12 09:15:58.439  INFO 8 --- [qtp786722925-1926] r.h.app.handler.file.LocalFileHandler    : Generated thumbnail image, and wrote the thumbnail to [/root/.halo/upload/2022/10/image-1665537358318-thumbnail.png]
2022-10-12 09:15:58.439  INFO 8 --- [qtp786722925-1926] r.h.app.handler.file.LocalFileHandler    : Uploaded file: [image.png] to directory: [/root/.halo/upload/2022/10/image-1665537358318.png] successfully
2022-10-12 09:17:21.831  INFO 8 --- [qtp786722925-2438] r.h.app.handler.file.FilePathDescriptor  : FilePathDescriptor: [FilePathDescriptor(name=image-1665537441831, extension=png, relativePath=upload/2022/10/image-1665537441831.png, basePath=/root/.halo, fullName=image-1665537441831.png, fullPath=/root/.halo/upload/2022/10/image-1665537441831.png, subPath=upload/2022/10)]
2022-10-12 09:17:21.831  INFO 8 --- [qtp786722925-2438] r.h.app.handler.file.LocalFileHandler    : Uploading file: [image.png] to directory: [upload/2022/10/image-1665537441831.png]
2022-10-12 09:17:21.832  INFO 8 --- [qtp786722925-2438] r.h.app.handler.file.FilePathDescriptor  : FilePathDescriptor: [FilePathDescriptor(name=image-1665537441831-thumbnail, extension=png, relativePath=upload/2022/10/image-1665537441831-thumbnail.png, basePath=/root/.halo, fullName=image-1665537441831-thumbnail.png, fullPath=/root/.halo/upload/2022/10/image-1665537441831-thumbnail.png, subPath=upload/2022/10)]
2022-10-12 09:17:21.887  INFO 8 --- [qtp786722925-2438] r.h.app.handler.file.LocalFileHandler    : Generated thumbnail image, and wrote the thumbnail to [/root/.halo/upload/2022/10/image-1665537441831-thumbnail.png]
2022-10-12 09:17:21.887  INFO 8 --- [qtp786722925-2438] r.h.app.handler.file.LocalFileHandler    : Uploaded file: [image.png] to directory: [/root/.halo/upload/2022/10/image-1665537441831.png] successfully
2022-10-12 09:17:37.751  INFO 8 --- [pool-3-thread-8] r.h.a.service.impl.BasePostServiceImpl   : Post with id: [100] is a draft and visits will not be updated
2022-10-12 09:28:29.872  WARN 8 --- [Timer-0] run.halo.app.cache.AbstractCacheStore    : Cache key: [12ac1eeab4cf4280b5bf5b3cdcdbd688] has been expired
2022-10-12 09:55:53.897  INFO 8 --- [qtp786722925-1928] r.h.app.handler.file.FilePathDescriptor  : FilePathDescriptor: [FilePathDescriptor(name=image-1665539753897, extension=png, relativePath=upload/2022/10/image-1665539753897.png, basePath=/root/.halo, fullName=image-1665539753897.png, fullPath=/root/.halo/upload/2022/10/image-1665539753897.png, subPath=upload/2022/10)]
2022-10-12 09:55:53.897  INFO 8 --- [qtp786722925-1928] r.h.app.handler.file.LocalFileHandler    : Uploading file: [image.png] to directory: [upload/2022/10/image-1665539753897.png]
2022-10-12 09:55:53.898  INFO 8 --- [qtp786722925-1928] r.h.app.handler.file.FilePathDescriptor  : FilePathDescriptor: [FilePathDescriptor(name=image-1665539753897-thumbnail, extension=png, relativePath=upload/2022/10/image-1665539753897-thumbnail.png, basePath=/root/.halo, fullName=image-1665539753897-thumbnail.png, fullPath=/root/.halo/upload/2022/10/image-1665539753897-thumbnail.png, subPath=upload/2022/10)]
2022-10-12 09:55:53.905  INFO 8 --- [qtp786722925-1928] r.h.app.handler.file.LocalFileHandler    : Generated thumbnail image, and wrote the thumbnail to [/root/.halo/upload/2022/10/image-1665539753897-thumbnail.png]
2022-10-12 09:55:53.905  INFO 8 --- [qtp786722925-1928] r.h.app.handler.file.LocalFileHandler    : Uploaded file: [image.png] to directory: [/root/.halo/upload/2022/10/image-1665539753897.png] successfully
2022-10-12 09:57:04.895  INFO 8 --- [qtp786722925-2408] r.h.app.handler.file.FilePathDescriptor  : FilePathDescriptor: [FilePathDescriptor(name=image-1665539824895, extension=png, relativePath=upload/2022/10/image-1665539824895.png, basePath=/root/.halo, fullName=image-1665539824895.png, fullPath=/root/.halo/upload/2022/10/image-1665539824895.png, subPath=upload/2022/10)]
2022-10-12 09:57:04.896  INFO 8 --- [qtp786722925-2408] r.h.app.handler.file.LocalFileHandler    : Uploading file: [image.png] to directory: [upload/2022/10/image-1665539824895.png]
2022-10-12 09:57:04.897  INFO 8 --- [qtp786722925-2408] r.h.app.handler.file.FilePathDescriptor  : FilePathDescriptor: [FilePathDescriptor(name=image-1665539824895-thumbnail, extension=png, relativePath=upload/2022/10/image-1665539824895-thumbnail.png, basePath=/root/.halo, fullName=image-1665539824895-thumbnail.png, fullPath=/root/.halo/upload/2022/10/image-1665539824895-thumbnail.png, subPath=upload/2022/10)]
2022-10-12 09:57:04.916  INFO 8 --- [qtp786722925-2408] r.h.app.handler.file.LocalFileHandler    : Generated thumbnail image, and wrote the thumbnail to [/root/.halo/upload/2022/10/image-1665539824895-thumbnail.png]
2022-10-12 09:57:04.916  INFO 8 --- [qtp786722925-2408] r.h.app.handler.file.LocalFileHandler    : Uploaded file: [image.png] to directory: [/root/.halo/upload/2022/10/image-1665539824895.png] successfully
2022-10-12 10:24:47.889  INFO 8 --- [qtp786722925-1928] r.h.app.handler.file.FilePathDescriptor  : FilePathDescriptor: [FilePathDescriptor(name=image-1665541487889, extension=png, relativePath=upload/2022/10/image-1665541487889.png, basePath=/root/.halo, fullName=image-1665541487889.png, fullPath=/root/.halo/upload/2022/10/image-1665541487889.png, subPath=upload/2022/10)]
2022-10-12 10:24:47.896  INFO 8 --- [qtp786722925-1928] r.h.app.handler.file.LocalFileHandler    : Uploading file: [image.png] to directory: [upload/2022/10/image-1665541487889.png]
2022-10-12 10:24:47.897  INFO 8 --- [qtp786722925-1928] r.h.app.handler.file.FilePathDescriptor  : FilePathDescriptor: [FilePathDescriptor(name=image-1665541487889-thumbnail, extension=png, relativePath=upload/2022/10/image-1665541487889-thumbnail.png, basePath=/root/.halo, fullName=image-1665541487889-thumbnail.png, fullPath=/root/.halo/upload/2022/10/image-1665541487889-thumbnail.png, subPath=upload/2022/10)]
2022-10-12 10:24:47.957  INFO 8 --- [qtp786722925-1928] r.h.app.handler.file.LocalFileHandler    : Generated thumbnail image, and wrote the thumbnail to [/root/.halo/upload/2022/10/image-1665541487889-thumbnail.png]
2022-10-12 10:24:47.957  INFO 8 --- [qtp786722925-1928] r.h.app.handler.file.LocalFileHandler    : Uploaded file: [image.png] to directory: [/root/.halo/upload/2022/10/image-1665541487889.png] successfully
2022-10-12 10:25:24.887  INFO 8 --- [qtp786722925-1926] r.h.app.handler.file.FilePathDescriptor  : FilePathDescriptor: [FilePathDescriptor(name=image-1665541524887, extension=png, relativePath=upload/2022/10/image-1665541524887.png, basePath=/root/.halo, fullName=image-1665541524887.png, fullPath=/root/.halo/upload/2022/10/image-1665541524887.png, subPath=upload/2022/10)]
2022-10-12 10:25:24.887  INFO 8 --- [qtp786722925-1926] r.h.app.handler.file.LocalFileHandler    : Uploading file: [image.png] to directory: [upload/2022/10/image-1665541524887.png]
2022-10-12 10:25:24.888  INFO 8 --- [qtp786722925-1926] r.h.app.handler.file.FilePathDescriptor  : FilePathDescriptor: [FilePathDescriptor(name=image-1665541524887-thumbnail, extension=png, relativePath=upload/2022/10/image-1665541524887-thumbnail.png, basePath=/root/.halo, fullName=image-1665541524887-thumbnail.png, fullPath=/root/.halo/upload/2022/10/image-1665541524887-thumbnail.png, subPath=upload/2022/10)]
2022-10-12 10:25:24.895  INFO 8 --- [qtp786722925-1926] r.h.app.handler.file.LocalFileHandler    : Generated thumbnail image, and wrote the thumbnail to [/root/.halo/upload/2022/10/image-1665541524887-thumbnail.png]
2022-10-12 10:25:24.895  INFO 8 --- [qtp786722925-1926] r.h.app.handler.file.LocalFileHandler    : Uploaded file: [image.png] to directory: [/root/.halo/upload/2022/10/image-1665541524887.png] successfully
2022-10-12 10:31:08.057  INFO 8 --- [qtp786722925-2436] r.h.app.handler.file.FilePathDescriptor  : FilePathDescriptor: [FilePathDescriptor(name=image-1665541868057, extension=png, relativePath=upload/2022/10/image-1665541868057.png, basePath=/root/.halo, fullName=image-1665541868057.png, fullPath=/root/.halo/upload/2022/10/image-1665541868057.png, subPath=upload/2022/10)]
2022-10-12 10:31:08.057  INFO 8 --- [qtp786722925-2436] r.h.app.handler.file.LocalFileHandler    : Uploading file: [image.png] to directory: [upload/2022/10/image-1665541868057.png]
2022-10-12 10:31:08.058  INFO 8 --- [qtp786722925-2436] r.h.app.handler.file.FilePathDescriptor  : FilePathDescriptor: [FilePathDescriptor(name=image-1665541868057-thumbnail, extension=png, relativePath=upload/2022/10/image-1665541868057-thumbnail.png, basePath=/root/.halo, fullName=image-1665541868057-thumbnail.png, fullPath=/root/.halo/upload/2022/10/image-1665541868057-thumbnail.png, subPath=upload/2022/10)]
2022-10-12 10:31:08.122  INFO 8 --- [qtp786722925-2436] r.h.app.handler.file.LocalFileHandler    : Generated thumbnail image, and wrote the thumbnail to [/root/.halo/upload/2022/10/image-1665541868057-thumbnail.png]
2022-10-12 10:31:08.122  INFO 8 --- [qtp786722925-2436] r.h.app.handler.file.LocalFileHandler    : Uploaded file: [image.png] to directory: [/root/.halo/upload/2022/10/image-1665541868057.png] successfully
2022-10-12 10:33:03.212  INFO 8 --- [qtp786722925-1926] r.h.app.handler.file.FilePathDescriptor  : FilePathDescriptor: [FilePathDescriptor(name=image-1665541983212, extension=png, relativePath=upload/2022/10/image-1665541983212.png, basePath=/root/.halo, fullName=image-1665541983212.png, fullPath=/root/.halo/upload/2022/10/image-1665541983212.png, subPath=upload/2022/10)]
2022-10-12 10:33:03.212  INFO 8 --- [qtp786722925-1926] r.h.app.handler.file.LocalFileHandler    : Uploading file: [image.png] to directory: [upload/2022/10/image-1665541983212.png]
2022-10-12 10:33:03.213  INFO 8 --- [qtp786722925-1926] r.h.app.handler.file.FilePathDescriptor  : FilePathDescriptor: [FilePathDescriptor(name=image-1665541983212-thumbnail, extension=png, relativePath=upload/2022/10/image-1665541983212-thumbnail.png, basePath=/root/.halo, fullName=image-1665541983212-thumbnail.png, fullPath=/root/.halo/upload/2022/10/image-1665541983212-thumbnail.png, subPath=upload/2022/10)]
2022-10-12 10:33:03.238  INFO 8 --- [qtp786722925-1926] r.h.app.handler.file.LocalFileHandler    : Generated thumbnail image, and wrote the thumbnail to [/root/.halo/upload/2022/10/image-1665541983212-thumbnail.png]
2022-10-12 10:33:03.238  INFO 8 --- [qtp786722925-1926] r.h.app.handler.file.LocalFileHandler    : Uploaded file: [image.png] to directory: [/root/.halo/upload/2022/10/image-1665541983212.png] successfully
2022-10-12 10:42:41.852  INFO 8 --- [qtp786722925-2437] r.h.app.handler.file.FilePathDescriptor  : FilePathDescriptor: [FilePathDescriptor(name=image-1665542561852, extension=png, relativePath=upload/2022/10/image-1665542561852.png, basePath=/root/.halo, fullName=image-1665542561852.png, fullPath=/root/.halo/upload/2022/10/image-1665542561852.png, subPath=upload/2022/10)]
2022-10-12 10:42:41.852  INFO 8 --- [qtp786722925-2437] r.h.app.handler.file.LocalFileHandler    : Uploading file: [image.png] to directory: [upload/2022/10/image-1665542561852.png]
2022-10-12 10:42:41.852  INFO 8 --- [qtp786722925-2437] r.h.app.handler.file.FilePathDescriptor  : FilePathDescriptor: [FilePathDescriptor(name=image-1665542561852-thumbnail, extension=png, relativePath=upload/2022/10/image-1665542561852-thumbnail.png, basePath=/root/.halo, fullName=image-1665542561852-thumbnail.png, fullPath=/root/.halo/upload/2022/10/image-1665542561852-thumbnail.png, subPath=upload/2022/10)]
2022-10-12 10:42:41.876  INFO 8 --- [qtp786722925-2437] r.h.app.handler.file.LocalFileHandler    : Generated thumbnail image, and wrote the thumbnail to [/root/.halo/upload/2022/10/image-1665542561852-thumbnail.png]
2022-10-12 10:42:41.876  INFO 8 --- [qtp786722925-2437] r.h.app.handler.file.LocalFileHandler    : Uploaded file: [image.png] to directory: [/root/.halo/upload/2022/10/image-1665542561852.png] successfully
2022-10-12 10:51:16.162  INFO 8 --- [qtp786722925-1928] r.h.app.handler.file.FilePathDescriptor  : FilePathDescriptor: [FilePathDescriptor(name=image-1665543076162, extension=png, relativePath=upload/2022/10/image-1665543076162.png, basePath=/root/.halo, fullName=image-1665543076162.png, fullPath=/root/.halo/upload/2022/10/image-1665543076162.png, subPath=upload/2022/10)]
2022-10-12 10:51:16.162  INFO 8 --- [qtp786722925-1928] r.h.app.handler.file.LocalFileHandler    : Uploading file: [image.png] to directory: [upload/2022/10/image-1665543076162.png]
2022-10-12 10:51:16.163  INFO 8 --- [qtp786722925-1928] r.h.app.handler.file.FilePathDescriptor  : FilePathDescriptor: [FilePathDescriptor(name=image-1665543076162-thumbnail, extension=png, relativePath=upload/2022/10/image-1665543076162-thumbnail.png, basePath=/root/.halo, fullName=image-1665543076162-thumbnail.png, fullPath=/root/.halo/upload/2022/10/image-1665543076162-thumbnail.png, subPath=upload/2022/10)]
2022-10-12 10:51:16.194  INFO 8 --- [qtp786722925-1928] r.h.app.handler.file.LocalFileHandler    : Generated thumbnail image, and wrote the thumbnail to [/root/.halo/upload/2022/10/image-1665543076162-thumbnail.png]
2022-10-12 10:51:16.194  INFO 8 --- [qtp786722925-1928] r.h.app.handler.file.LocalFileHandler    : Uploaded file: [image.png] to directory: [/root/.halo/upload/2022/10/image-1665543076162.png] successfully
2022-10-12 11:24:01.944  INFO 8 --- [qtp786722925-2408] r.h.app.handler.file.FilePathDescriptor  : FilePathDescriptor: [FilePathDescriptor(name=image-1665545041944, extension=png, relativePath=upload/2022/10/image-1665545041944.png, basePath=/root/.halo, fullName=image-1665545041944.png, fullPath=/root/.halo/upload/2022/10/image-1665545041944.png, subPath=upload/2022/10)]
2022-10-12 11:24:01.944  INFO 8 --- [qtp786722925-2408] r.h.app.handler.file.LocalFileHandler    : Uploading file: [image.png] to directory: [upload/2022/10/image-1665545041944.png]
2022-10-12 11:24:01.945  INFO 8 --- [qtp786722925-2408] r.h.app.handler.file.FilePathDescriptor  : FilePathDescriptor: [FilePathDescriptor(name=image-1665545041944-thumbnail, extension=png, relativePath=upload/2022/10/image-1665545041944-thumbnail.png, basePath=/root/.halo, fullName=image-1665545041944-thumbnail.png, fullPath=/root/.halo/upload/2022/10/image-1665545041944-thumbnail.png, subPath=upload/2022/10)]
2022-10-12 11:24:01.983  INFO 8 --- [qtp786722925-2408] r.h.app.handler.file.LocalFileHandler    : Generated thumbnail image, and wrote the thumbnail to [/root/.halo/upload/2022/10/image-1665545041944-thumbnail.png]
2022-10-12 11:24:01.983  INFO 8 --- [qtp786722925-2408] r.h.app.handler.file.LocalFileHandler    : Uploaded file: [image.png] to directory: [/root/.halo/upload/2022/10/image-1665545041944.png] successfully
2022-10-12 11:25:37.501  INFO 8 --- [qtp786722925-1926] r.h.app.handler.file.FilePathDescriptor  : FilePathDescriptor: [FilePathDescriptor(name=image-1665545137501, extension=png, relativePath=upload/2022/10/image-1665545137501.png, basePath=/root/.halo, fullName=image-1665545137501.png, fullPath=/root/.halo/upload/2022/10/image-1665545137501.png, subPath=upload/2022/10)]
2022-10-12 11:25:37.501  INFO 8 --- [qtp786722925-1926] r.h.app.handler.file.LocalFileHandler    : Uploading file: [image.png] to directory: [upload/2022/10/image-1665545137501.png]
2022-10-12 11:25:37.502  INFO 8 --- [qtp786722925-1926] r.h.app.handler.file.FilePathDescriptor  : FilePathDescriptor: [FilePathDescriptor(name=image-1665545137501-thumbnail, extension=png, relativePath=upload/2022/10/image-1665545137501-thumbnail.png, basePath=/root/.halo, fullName=image-1665545137501-thumbnail.png, fullPath=/root/.halo/upload/2022/10/image-1665545137501-thumbnail.png, subPath=upload/2022/10)]
2022-10-12 11:25:37.520  INFO 8 --- [qtp786722925-1926] r.h.app.handler.file.LocalFileHandler    : Generated thumbnail image, and wrote the thumbnail to [/root/.halo/upload/2022/10/image-1665545137501-thumbnail.png]
2022-10-12 11:25:37.520  INFO 8 --- [qtp786722925-1926] r.h.app.handler.file.LocalFileHandler    : Uploaded file: [image.png] to directory: [/root/.halo/upload/2022/10/image-1665545137501.png] successfully
2022-10-12 11:38:11.265  INFO 8 --- [qtp786722925-2769] r.h.app.handler.file.FilePathDescriptor  : FilePathDescriptor: [FilePathDescriptor(name=image-1665545891265, extension=png, relativePath=upload/2022/10/image-1665545891265.png, basePath=/root/.halo, fullName=image-1665545891265.png, fullPath=/root/.halo/upload/2022/10/image-1665545891265.png, subPath=upload/2022/10)]
2022-10-12 11:38:11.265  INFO 8 --- [qtp786722925-2769] r.h.app.handler.file.LocalFileHandler    : Uploading file: [image.png] to directory: [upload/2022/10/image-1665545891265.png]
2022-10-12 11:38:11.266  INFO 8 --- [qtp786722925-2769] r.h.app.handler.file.FilePathDescriptor  : FilePathDescriptor: [FilePathDescriptor(name=image-1665545891265-thumbnail, extension=png, relativePath=upload/2022/10/image-1665545891265-thumbnail.png, basePath=/root/.halo, fullName=image-1665545891265-thumbnail.png, fullPath=/root/.halo/upload/2022/10/image-1665545891265-thumbnail.png, subPath=upload/2022/10)]
2022-10-12 11:38:11.296  INFO 8 --- [qtp786722925-2769] r.h.app.handler.file.LocalFileHandler    : Generated thumbnail image, and wrote the thumbnail to [/root/.halo/upload/2022/10/image-1665545891265-thumbnail.png]
2022-10-12 11:38:11.296  INFO 8 --- [qtp786722925-2769] r.h.app.handler.file.LocalFileHandler    : Uploaded file: [image.png] to directory: [/root/.halo/upload/2022/10/image-1665545891265.png] successfully
2022-10-12 11:43:17.163  INFO 8 --- [qtp786722925-2436] r.h.app.handler.file.FilePathDescriptor  : FilePathDescriptor: [FilePathDescriptor(name=image-1665546197163, extension=png, relativePath=upload/2022/10/image-1665546197163.png, basePath=/root/.halo, fullName=image-1665546197163.png, fullPath=/root/.halo/upload/2022/10/image-1665546197163.png, subPath=upload/2022/10)]
2022-10-12 11:43:17.163  INFO 8 --- [qtp786722925-2436] r.h.app.handler.file.LocalFileHandler    : Uploading file: [image.png] to directory: [upload/2022/10/image-1665546197163.png]
2022-10-12 11:43:17.164  INFO 8 --- [qtp786722925-2436] r.h.app.handler.file.FilePathDescriptor  : FilePathDescriptor: [FilePathDescriptor(name=image-1665546197163-thumbnail, extension=png, relativePath=upload/2022/10/image-1665546197163-thumbnail.png, basePath=/root/.halo, fullName=image-1665546197163-thumbnail.png, fullPath=/root/.halo/upload/2022/10/image-1665546197163-thumbnail.png, subPath=upload/2022/10)]
2022-10-12 11:43:17.185  INFO 8 --- [qtp786722925-2436] r.h.app.handler.file.LocalFileHandler    : Generated thumbnail image, and wrote the thumbnail to [/root/.halo/upload/2022/10/image-1665546197163-thumbnail.png]
2022-10-12 11:43:17.185  INFO 8 --- [qtp786722925-2436] r.h.app.handler.file.LocalFileHandler    : Uploaded file: [image.png] to directory: [/root/.halo/upload/2022/10/image-1665546197163.png] successfully
2022-10-12 11:43:47.616  INFO 8 --- [qtp786722925-2437] r.h.app.handler.file.FilePathDescriptor  : FilePathDescriptor: [FilePathDescriptor(name=image-1665546227616, extension=png, relativePath=upload/2022/10/image-1665546227616.png, basePath=/root/.halo, fullName=image-1665546227616.png, fullPath=/root/.halo/upload/2022/10/image-1665546227616.png, subPath=upload/2022/10)]
2022-10-12 11:43:47.617  INFO 8 --- [qtp786722925-2437] r.h.app.handler.file.LocalFileHandler    : Uploading file: [image.png] to directory: [upload/2022/10/image-1665546227616.png]
2022-10-12 11:43:47.617  INFO 8 --- [qtp786722925-2437] r.h.app.handler.file.FilePathDescriptor  : FilePathDescriptor: [FilePathDescriptor(name=image-1665546227616-thumbnail, extension=png, relativePath=upload/2022/10/image-1665546227616-thumbnail.png, basePath=/root/.halo, fullName=image-1665546227616-thumbnail.png, fullPath=/root/.halo/upload/2022/10/image-1665546227616-thumbnail.png, subPath=upload/2022/10)]
2022-10-12 11:43:47.641  INFO 8 --- [qtp786722925-2437] r.h.app.handler.file.LocalFileHandler    : Generated thumbnail image, and wrote the thumbnail to [/root/.halo/upload/2022/10/image-1665546227616-thumbnail.png]
2022-10-12 11:43:47.641  INFO 8 --- [qtp786722925-2437] r.h.app.handler.file.LocalFileHandler    : Uploaded file: [image.png] to directory: [/root/.halo/upload/2022/10/image-1665546227616.png] successfully
2022-10-12 11:51:45.640  INFO 8 --- [qtp786722925-1926] r.h.app.handler.file.FilePathDescriptor  : FilePathDescriptor: [FilePathDescriptor(name=image-1665546705640, extension=png, relativePath=upload/2022/10/image-1665546705640.png, basePath=/root/.halo, fullName=image-1665546705640.png, fullPath=/root/.halo/upload/2022/10/image-1665546705640.png, subPath=upload/2022/10)]
2022-10-12 11:51:45.640  INFO 8 --- [qtp786722925-1926] r.h.app.handler.file.LocalFileHandler    : Uploading file: [image.png] to directory: [upload/2022/10/image-1665546705640.png]
2022-10-12 11:51:45.641  INFO 8 --- [qtp786722925-1926] r.h.app.handler.file.FilePathDescriptor  : FilePathDescriptor: [FilePathDescriptor(name=image-1665546705640-thumbnail, extension=png, relativePath=upload/2022/10/image-1665546705640-thumbnail.png, basePath=/root/.halo, fullName=image-1665546705640-thumbnail.png, fullPath=/root/.halo/upload/2022/10/image-1665546705640-thumbnail.png, subPath=upload/2022/10)]
2022-10-12 11:51:45.661  INFO 8 --- [qtp786722925-1926] r.h.app.handler.file.LocalFileHandler    : Generated thumbnail image, and wrote the thumbnail to [/root/.halo/upload/2022/10/image-1665546705640-thumbnail.png]
2022-10-12 11:51:45.661  INFO 8 --- [qtp786722925-1926] r.h.app.handler.file.LocalFileHandler    : Uploaded file: [image.png] to directory: [/root/.halo/upload/2022/10/image-1665546705640.png] successfully
2022-10-12 12:07:35.517  INFO 8 --- [qtp786722925-2408] r.h.app.handler.file.FilePathDescriptor  : FilePathDescriptor: [FilePathDescriptor(name=image-1665547655517, extension=png, relativePath=upload/2022/10/image-1665547655517.png, basePath=/root/.halo, fullName=image-1665547655517.png, fullPath=/root/.halo/upload/2022/10/image-1665547655517.png, subPath=upload/2022/10)]
2022-10-12 12:07:35.517  INFO 8 --- [qtp786722925-2408] r.h.app.handler.file.LocalFileHandler    : Uploading file: [image.png] to directory: [upload/2022/10/image-1665547655517.png]
2022-10-12 12:07:35.519  INFO 8 --- [qtp786722925-2408] r.h.app.handler.file.FilePathDescriptor  : FilePathDescriptor: [FilePathDescriptor(name=image-1665547655517-thumbnail, extension=png, relativePath=upload/2022/10/image-1665547655517-thumbnail.png, basePath=/root/.halo, fullName=image-1665547655517-thumbnail.png, fullPath=/root/.halo/upload/2022/10/image-1665547655517-thumbnail.png, subPath=upload/2022/10)]
2022-10-12 12:07:35.574  INFO 8 --- [qtp786722925-2408] r.h.app.handler.file.LocalFileHandler    : Generated thumbnail image, and wrote the thumbnail to [/root/.halo/upload/2022/10/image-1665547655517-thumbnail.png]
2022-10-12 12:07:35.574  INFO 8 --- [qtp786722925-2408] r.h.app.handler.file.LocalFileHandler    : Uploaded file: [image.png] to directory: [/root/.halo/upload/2022/10/image-1665547655517.png] successfully
2022-10-12 12:15:29.872  WARN 8 --- [Timer-0] run.halo.app.cache.AbstractCacheStore    : Cache key: [halo.admin.access.token.ab03c40fd8a14e31970fc8b83a2cba93] has been expired
2022-10-12 12:15:29.873  WARN 8 --- [Timer-0] run.halo.app.cache.AbstractCacheStore    : Cache key: [halo.admin.access_token.1] has been expired
2022-10-12 12:59:06.578  WARN 8 --- [qtp786722925-2436] .s.h.DefaultAuthenticationFailureHandler : Handle unsuccessful authentication, ip: [111.73.202.214]
2022-10-12 12:59:06.578 ERROR 8 --- [qtp786722925-2436] .s.h.DefaultAuthenticationFailureHandler : Authentication failure: [Token 已过期或不存在], status: [401 UNAUTHORIZED], data: [ab03c40fd8a14e31970fc8b83a2cba93]
2022-10-12 12:59:06.730  INFO 8 --- [qtp786722925-2438] r.h.app.handler.file.FilePathDescriptor  : FilePathDescriptor: [FilePathDescriptor(name=image-1665550746730, extension=png, relativePath=upload/2022/10/image-1665550746730.png, basePath=/root/.halo, fullName=image-1665550746730.png, fullPath=/root/.halo/upload/2022/10/image-1665550746730.png, subPath=upload/2022/10)]
2022-10-12 12:59:06.730  INFO 8 --- [qtp786722925-2438] r.h.app.handler.file.LocalFileHandler    : Uploading file: [image.png] to directory: [upload/2022/10/image-1665550746730.png]
2022-10-12 12:59:06.731  INFO 8 --- [qtp786722925-2438] r.h.app.handler.file.FilePathDescriptor  : FilePathDescriptor: [FilePathDescriptor(name=image-1665550746730-thumbnail, extension=png, relativePath=upload/2022/10/image-1665550746730-thumbnail.png, basePath=/root/.halo, fullName=image-1665550746730-thumbnail.png, fullPath=/root/.halo/upload/2022/10/image-1665550746730-thumbnail.png, subPath=upload/2022/10)]
2022-10-12 12:59:06.790  INFO 8 --- [qtp786722925-2438] r.h.app.handler.file.LocalFileHandler    : Generated thumbnail image, and wrote the thumbnail to [/root/.halo/upload/2022/10/image-1665550746730-thumbnail.png]
2022-10-12 12:59:06.790  INFO 8 --- [qtp786722925-2438] r.h.app.handler.file.LocalFileHandler    : Uploaded file: [image.png] to directory: [/root/.halo/upload/2022/10/image-1665550746730.png] successfully
2022-10-12 12:59:29.872  WARN 8 --- [Timer-0] run.halo.app.cache.AbstractCacheStore    : Cache key: [cache_lock_public run.halo.app.security.token.AuthToken run.halo.app.controller.admin.api.AdminController.refresh(java.lang.String)] has been expired
2022-10-12 13:14:05.901  INFO 8 --- [qtp786722925-2438] r.h.app.handler.file.FilePathDescriptor  : FilePathDescriptor: [FilePathDescriptor(name=image-1665551645901, extension=png, relativePath=upload/2022/10/image-1665551645901.png, basePath=/root/.halo, fullName=image-1665551645901.png, fullPath=/root/.halo/upload/2022/10/image-1665551645901.png, subPath=upload/2022/10)]
2022-10-12 13:14:05.901  INFO 8 --- [qtp786722925-2438] r.h.app.handler.file.LocalFileHandler    : Uploading file: [image.png] to directory: [upload/2022/10/image-1665551645901.png]
2022-10-12 13:14:05.902  INFO 8 --- [qtp786722925-2438] r.h.app.handler.file.FilePathDescriptor  : FilePathDescriptor: [FilePathDescriptor(name=image-1665551645901-thumbnail, extension=png, relativePath=upload/2022/10/image-1665551645901-thumbnail.png, basePath=/root/.halo, fullName=image-1665551645901-thumbnail.png, fullPath=/root/.halo/upload/2022/10/image-1665551645901-thumbnail.png, subPath=upload/2022/10)]
2022-10-12 13:14:05.961  INFO 8 --- [qtp786722925-2438] r.h.app.handler.file.LocalFileHandler    : Generated thumbnail image, and wrote the thumbnail to [/root/.halo/upload/2022/10/image-1665551645901-thumbnail.png]
2022-10-12 13:14:05.961  INFO 8 --- [qtp786722925-2438] r.h.app.handler.file.LocalFileHandler    : Uploaded file: [image.png] to directory: [/root/.halo/upload/2022/10/image-1665551645901.png] successfully
2022-10-12 13:17:59.568  INFO 8 --- [qtp786722925-2935] r.h.app.handler.file.FilePathDescriptor  : FilePathDescriptor: [FilePathDescriptor(name=image-1665551879568, extension=png, relativePath=upload/2022/10/image-1665551879568.png, basePath=/root/.halo, fullName=image-1665551879568.png, fullPath=/root/.halo/upload/2022/10/image-1665551879568.png, subPath=upload/2022/10)]
2022-10-12 13:17:59.569  INFO 8 --- [qtp786722925-2935] r.h.app.handler.file.LocalFileHandler    : Uploading file: [image.png] to directory: [upload/2022/10/image-1665551879568.png]
2022-10-12 13:17:59.570  INFO 8 --- [qtp786722925-2935] r.h.app.handler.file.FilePathDescriptor  : FilePathDescriptor: [FilePathDescriptor(name=image-1665551879568-thumbnail, extension=png, relativePath=upload/2022/10/image-1665551879568-thumbnail.png, basePath=/root/.halo, fullName=image-1665551879568-thumbnail.png, fullPath=/root/.halo/upload/2022/10/image-1665551879568-thumbnail.png, subPath=upload/2022/10)]
2022-10-12 13:17:59.637  INFO 8 --- [qtp786722925-2935] r.h.app.handler.file.LocalFileHandler    : Generated thumbnail image, and wrote the thumbnail to [/root/.halo/upload/2022/10/image-1665551879568-thumbnail.png]
2022-10-12 13:17:59.637  INFO 8 --- [qtp786722925-2935] r.h.app.handler.file.LocalFileHandler    : Uploaded file: [image.png] to directory: [/root/.halo/upload/2022/10/image-1665551879568.png] successfully
2022-10-12 13:19:14.651  INFO 8 --- [qtp786722925-2938] r.h.app.handler.file.FilePathDescriptor  : FilePathDescriptor: [FilePathDescriptor(name=image-1665551954651, extension=png, relativePath=upload/2022/10/image-1665551954651.png, basePath=/root/.halo, fullName=image-1665551954651.png, fullPath=/root/.halo/upload/2022/10/image-1665551954651.png, subPath=upload/2022/10)]
2022-10-12 13:19:14.652  INFO 8 --- [qtp786722925-2938] r.h.app.handler.file.LocalFileHandler    : Uploading file: [image.png] to directory: [upload/2022/10/image-1665551954651.png]
2022-10-12 13:19:14.653  INFO 8 --- [qtp786722925-2938] r.h.app.handler.file.FilePathDescriptor  : FilePathDescriptor: [FilePathDescriptor(name=image-1665551954651-thumbnail, extension=png, relativePath=upload/2022/10/image-1665551954651-thumbnail.png, basePath=/root/.halo, fullName=image-1665551954651-thumbnail.png, fullPath=/root/.halo/upload/2022/10/image-1665551954651-thumbnail.png, subPath=upload/2022/10)]
2022-10-12 13:19:14.683  INFO 8 --- [qtp786722925-2938] r.h.app.handler.file.LocalFileHandler    : Generated thumbnail image, and wrote the thumbnail to [/root/.halo/upload/2022/10/image-1665551954651-thumbnail.png]
2022-10-12 13:19:14.683  INFO 8 --- [qtp786722925-2938] r.h.app.handler.file.LocalFileHandler    : Uploaded file: [image.png] to directory: [/root/.halo/upload/2022/10/image-1665551954651.png] successfully
2022-10-12 13:42:04.441  INFO 8 --- [qtp786722925-2408] r.h.app.handler.file.FilePathDescriptor  : FilePathDescriptor: [FilePathDescriptor(name=image-1665553324441, extension=png, relativePath=upload/2022/10/image-1665553324441.png, basePath=/root/.halo, fullName=image-1665553324441.png, fullPath=/root/.halo/upload/2022/10/image-1665553324441.png, subPath=upload/2022/10)]
2022-10-12 13:42:04.442  INFO 8 --- [qtp786722925-2408] r.h.app.handler.file.LocalFileHandler    : Uploading file: [image.png] to directory: [upload/2022/10/image-1665553324441.png]
2022-10-12 13:42:04.443  INFO 8 --- [qtp786722925-2408] r.h.app.handler.file.FilePathDescriptor  : FilePathDescriptor: [FilePathDescriptor(name=image-1665553324441-thumbnail, extension=png, relativePath=upload/2022/10/image-1665553324441-thumbnail.png, basePath=/root/.halo, fullName=image-1665553324441-thumbnail.png, fullPath=/root/.halo/upload/2022/10/image-1665553324441-thumbnail.png, subPath=upload/2022/10)]
2022-10-12 13:42:04.542  INFO 8 --- [qtp786722925-2408] r.h.app.handler.file.LocalFileHandler    : Generated thumbnail image, and wrote the thumbnail to [/root/.halo/upload/2022/10/image-1665553324441-thumbnail.png]
2022-10-12 13:42:04.542  INFO 8 --- [qtp786722925-2408] r.h.app.handler.file.LocalFileHandler    : Uploaded file: [image.png] to directory: [/root/.halo/upload/2022/10/image-1665553324441.png] successfully
2022-10-12 13:56:29.872  WARN 8 --- [Timer-0] run.halo.app.cache.AbstractCacheStore    : Cache key: [c291d0149c0d4865bb83d0272b79dfc9] has been expired
2022-10-12 13:57:29.872  WARN 8 --- [Timer-0] run.halo.app.cache.AbstractCacheStore    : Cache key: [0674596d4e9548c88907eac2b625f960] has been expired
2022-10-12 20:10:33.507  WARN 8 --- [qtp786722925-2935] .w.s.m.s.DefaultHandlerExceptionResolver : Resolved [org.springframework.web.HttpRequestMethodNotSupportedException: Request method 'POST' not supported]
2022-10-12 20:10:33.973  WARN 8 --- [qtp786722925-2769] .w.s.m.s.DefaultHandlerExceptionResolver : Resolved [org.springframework.web.HttpRequestMethodNotSupportedException: Request method 'POST' not supported]
2022-10-12 20:10:35.694  WARN 8 --- [qtp786722925-2935] .w.s.m.s.DefaultHandlerExceptionResolver : Resolved [org.springframework.web.HttpRequestMethodNotSupportedException: Request method 'POST' not supported]
2022-10-12 20:10:36.070  WARN 8 --- [qtp786722925-2769] .w.s.m.s.DefaultHandlerExceptionResolver : Resolved [org.springframework.web.HttpRequestMethodNotSupportedException: Request method 'POST' not supported]
2022-10-12 20:10:37.695  WARN 8 --- [qtp786722925-2935] .w.s.m.s.DefaultHandlerExceptionResolver : Resolved [org.springframework.web.HttpRequestMethodNotSupportedException: Request method 'POST' not supported]
2022-10-12 20:10:38.095  WARN 8 --- [qtp786722925-2769] .w.s.m.s.DefaultHandlerExceptionResolver : Resolved [org.springframework.web.HttpRequestMethodNotSupportedException: Request method 'POST' not supported]
2022-10-12 20:10:39.713  WARN 8 --- [qtp786722925-2935] .w.s.m.s.DefaultHandlerExceptionResolver : Resolved [org.springframework.web.HttpRequestMethodNotSupportedException: Request method 'POST' not supported]
2022-10-12 20:10:40.039  WARN 8 --- [qtp786722925-2769] .w.s.m.s.DefaultHandlerExceptionResolver : Resolved [org.springframework.web.HttpRequestMethodNotSupportedException: Request method 'POST' not supported]
